modules/gb_payment_plugin/android/build/intermediates/manifest_merge_blame_file/debug/manifest-merger-blame-debug-report.txt
1<?xml version="1.0" encoding="utf-8"?>
2<manifest xmlns:android="http://schemas.android.com/apk/res/android"
3    package="com.gamerboard.live.gb_payment_plugin" >
4
5    <uses-sdk android:minSdkVersion="21" />
5-->src/main/AndroidManifest.xml
6
7    <queries>
7-->src/main/AndroidManifest.xml:3:5-10:15
8        <package android:name="com.phonepe.app" />
8-->src/main/AndroidManifest.xml:4:9-51
8-->src/main/AndroidManifest.xml:4:18-48
9        <package android:name="com.phonepe.app.preprod" />
9-->src/main/AndroidManifest.xml:5:9-59
9-->src/main/AndroidManifest.xml:5:18-56
10        <package android:name="com.google.android.apps.nbu.paisa.user" />
10-->src/main/AndroidManifest.xml:6:9-74
10-->src/main/AndroidManifest.xml:6:18-71
11        <package android:name="net.one97.paytm" />
11-->src/main/AndroidManifest.xml:7:9-51
11-->src/main/AndroidManifest.xml:7:18-48
12        <package android:name="in.org.npci.upiapp" />
12-->src/main/AndroidManifest.xml:8:9-54
12-->src/main/AndroidManifest.xml:8:18-51
13        <package android:name="in.amazon.mShop.android.shopping" />
13-->src/main/AndroidManifest.xml:9:9-68
13-->src/main/AndroidManifest.xml:9:18-65
14    </queries>
15
16    <application>
16-->src/main/AndroidManifest.xml:11:5-13:19
17    </application>
18
19</manifest>